[Thu Aug 22 10:31:16 2024 - ver 30.19]
Updating computer information on the server
PrimeNet error 33: CPU identity mismatch
CPU identity mismatch: g=4a09e3bf2c5ccdde85301292028bf3f3 hg=ad97e1177731f0edaee645cbb747709d wg=20145ca8111910537f562296eeb0d027
Updating computer information on the server
Exchanging program options with server
Getting assignment from server
PrimeNet success code with additional info:
Server assigned Lucas Lehmer primality double-check work.
Got assignment 70BEB449EBF8004396EE5000EAC047B2: Double check M77961097
Sending expected completion date for M77961097: Aug 27 2024
[Fri Aug 23 11:51:01 2024 - ver 30.19]
Updating computer information on the server
PrimeNet error 33: CPU identity mismatch
CPU identity mismatch: g=6b7ab7dfce1f9fbe70bd9cdfd36191da hg=31b12caaaf9dba5af740cb618c066e0b wg=59d52817cfb18c300dd900f135817ac2
Updating computer information on the server
Exchanging program options with server
Sending expected completion date for M77961097: Oct  7 2024
[Mon Aug 26 09:36:16 2024 - ver 30.19]
Updating computer information on the server
PrimeNet error 33: CPU identity mismatch
CPU identity mismatch: g=5c4a1e18ecac030cd4639be3d536ed8d hg=0078d722324a0f0d4669e500baeb6152 wg=723174681604307d95a48701b7af9fb4
Updating computer information on the server
Exchanging program options with server
Sending expected completion date for M77961097: Sep  3 2024
[Tue Aug 27 09:36:58 2024 - ver 30.19]
Updating computer information on the server
PrimeNet error 33: CPU identity mismatch
CPU identity mismatch: g=51fd024d240e7c676ab1ec6197923480 hg=047fff399935b27f2b4e238f930acd75 wg=0a0aa44242046490a9f6aaff19cac0de
Updating computer information on the server
Exchanging program options with server
Sending expected completion date for M77961097: Sep  8 2024
[Thu Sep 12 08:27:09 2024 - ver 30.19]
Updating computer information on the server
PrimeNet error 33: CPU identity mismatch
CPU identity mismatch: g=c59eca528039cd34052e01e559982f48 hg=a140bbfe034cc83d3374533e25a05a63 wg=bb24d7ab9c8fa2a569ec1bb174f89435
Updating computer information on the server
Exchanging program options with server
Sending expected completion date for M77961097: Sep 27 2024
[Sat Sep 14 15:19:31 2024 - ver 30.19]
Updating computer information on the server
PrimeNet error 33: CPU identity mismatch
CPU identity mismatch: g=a0b8d60948c1399375a4a6299466f2a1 hg=719f00b0bae16323e61184cea1120da7 wg=2752d71ca78c0db067944daa559f6865
Updating computer information on the server
Exchanging program options with server
Sending expected completion date for M77961097: Sep 21 2024
[Mon Jan 20 17:09:06 2025 - ver 30.19]
Updating computer information on the server
PrimeNet error 33: CPU identity mismatch
CPU identity mismatch: g=9c73f10da964d851f0b09e47d09fe0ea hg=73124d382b191ae76bf109905f9b6279 wg=6e3ffb851b8664b5eb6c2bc441efa147
Updating computer information on the server
Exchanging program options with server
Sending expected completion date for M77961097: Jan 27 2025
[Mon Jan 27 16:02:45 2025 - ver 30.19]
Updating computer information on the server
CURL library error: Could not resolve host: v5.mersenne.org
[Wed Mar 26 15:29:55 2025 - ver 30.19]
Updating computer information on the server
PrimeNet error 33: CPU identity mismatch
CPU identity mismatch: g=ef439dd619d4420e9366f1737b4aef98 hg=56f46439077d3bcb683bca8fa2137d67 wg=bade953501491b6a1c567d8499c57fa7
Updating computer information on the server
Exchanging program options with server
Sending expected completion date for M77961097: Apr  1 2025
[Thu Apr 24 00:04:02 2025 - ver 30.19]
Updating computer information on the server
CURL library error: Could not resolve host: v5.mersenne.org
[Thu Apr 24 00:34:26 2025 - ver 30.19]
Updating computer information on the server
CURL library error: Could not resolve host: v5.mersenne.org
[Sun Apr 27 15:29:19 2025 - ver 30.19]
Updating computer information on the server
PrimeNet error 33: CPU identity mismatch
CPU identity mismatch: g=dd21ef931ebb32f9130eee6675525cc2 hg=72a00606c6cb22cd8ac419add9a23080 wg=6b0e7c20dfdce32c95db3d1730eb4a2d
Updating computer information on the server
Exchanging program options with server
Sending expected completion date for M77961097: May  3 2025
[Thu Jun  5 16:55:54 2025 - ver 30.19]
Updating computer information on the server
PrimeNet error 33: CPU identity mismatch
CPU identity mismatch: g=1c401c3f82db02ccf66543d6b461b679 hg=f6dfaeb4372194e1353a0f2e4182e301 wg=b80670af8054a7f191ebd156cfdc3679
Updating computer information on the server
Exchanging program options with server
Sending expected completion date for M77961097: Jun 10 2025
[Sun Jun  8 13:04:20 2025 - ver 30.19]
Updating computer information on the server
PrimeNet error 33: CPU identity mismatch
CPU identity mismatch: g=485c07d6a718325f3e6fb701eb6d038b hg=24ab764ef8d0c1883d6a626004cb290d wg=b7a880c2ab22d68ec8499d02b90f695b
Updating computer information on the server
Exchanging program options with server
Sending expected completion date for M77961097: Jun 14 2025
[Sat Jun 21 09:59:42 2025 - ver 30.19]
Updating computer information on the server
CURL library error: Could not resolve host: v5.mersenne.org
[Wed Jul  9 15:51:23 2025 - ver 30.19]
Updating computer information on the server
PrimeNet error 33: CPU identity mismatch
CPU identity mismatch: g=c3293e5b120e2590d3c6f8a4c7e60b50 hg=10a24818e5fb29c584e16aa6114fd450 wg=87fce9c75627b4abd2f4c51aec251885
Updating computer information on the server
Exchanging program options with server
Sending expected completion date for M77961097: Oct 31 2025
[Fri Aug  1 14:03:03 2025 - ver 30.19]
Updating computer information on the server
PrimeNet error 33: CPU identity mismatch
CPU identity mismatch: g=06a140a8da93d75d6c15def4011e8f95 hg=29342804c20fb726383a42f0b15d897b wg=3ca1e4555d4e3254f387f8f1bdbe153d
Updating computer information on the server
Exchanging program options with server
Sending expected completion date for M77961097: Aug  8 2025
[Sat Aug 23 11:56:38 2025 - ver 30.19]
Updating computer information on the server
PrimeNet error 33: CPU identity mismatch
CPU identity mismatch: g=dea364efb057627f8cda2c4fc4457f40 hg=6b0937f9232edc18a5cac7095d602eed wg=bca5c931c7f799a5652557047ff8e63b
Updating computer information on the server
Exchanging program options with server
Sending expected completion date for M77961097: Aug 31 2025
[Wed Aug 27 08:19:12 2025 - ver 30.19]
Updating computer information on the server
PrimeNet error 33: CPU identity mismatch
CPU identity mismatch: g=cd7ea618107b82f09b78be6662f61156 hg=e4555e62809a27d1d6489dc01fe0f2ca wg=127033901969f4a8556b2a76ef2cf0bf
Updating computer information on the server
Exchanging program options with server
Sending expected completion date for M77961097: Sep  9 2025
[Mon Jan 27 20:05:00 2025 - ver 30.19]
Updating computer information on the server
PrimeNet error 33: CPU identity mismatch
CPU identity mismatch: g=b259e2db127d7f0016a853696fee0425 hg=2aa7ee8567a98d4d2c7c7a40eb696b6b wg=48ae8b6e380cd37caaa4781bb5f31cee
Updating computer information on the server
Exchanging program options with server
Sending expected completion date for M77961097: Feb  3 2025
[Mon Jan 27 20:15:12 2025 - ver 30.19]
Exchanging program options with server
[Thu Nov 13 09:52:35 2025 - ver 30.19]
Updating computer information on the server
PrimeNet error 33: CPU identity mismatch
CPU identity mismatch: g=8d97ced833131dcdf2f46bd8c32754c7 hg=8a1919a7b9a95651486037471acc12e8 wg=5711a6888e8283caec1e7e9458dc1af1
Updating computer information on the server
Exchanging program options with server
Sending expected completion date for M77961097: Nov 26 2025
[Fri Nov 28 16:08:17 2025 - ver 30.19]
Updating computer information on the server
PrimeNet error 33: CPU identity mismatch
CPU identity mismatch: g=aafbd3857c7d193af395418d178c1681 hg=a21c42ab70d7fddf2d68d32c08f3cf1c wg=8588e73dce62b15a3a1b8cbe4f68768b
Updating computer information on the server
Exchanging program options with server
Sending expected completion date for M77961097: Dec  5 2025
[Mon Dec  1 16:11:39 2025 - ver 30.19]
Updating computer information on the server
PrimeNet error 33: CPU identity mismatch
CPU identity mismatch: g=1ff7aee4893268623a257a926b742d5f hg=6b0937f9232edc18a5cac7095d602eed wg=80a023f7e73ee7badb1a233c7c039db4
Updating computer information on the server
Exchanging program options with server
Sending expected completion date for M77961097: Dec  8 2025
[Sat Dec  6 09:36:09 2025 - ver 30.19]
Updating computer information on the server
PrimeNet error 33: CPU identity mismatch
CPU identity mismatch: g=0218ac99125a0124ff774d96413c4672 hg=8a1919a7b9a95651486037471acc12e8 wg=5711a6888e8283caec1e7e9458dc1af1
Updating computer information on the server
Exchanging program options with server
Sending expected completion date for M77961097: Dec 18 2025
