[General]
FirstMinTempSavedOn=45987

[HDR]
LITEON CV1-8B256 (244191 MB)_KN2560L012546016DCHC=150484
Acer    USB Flash Drive (60479 MB)_?=472
ADATA SU650 (244191 MB)_2N4429C91DGD=69292
HFM001TD3JX016N (976756 MB)_FJB4N673913704L5G=150956
NVMe    Micron_2400_MTFD (488382 MB)_0000_0000_0000_0001_=117894
INTEL SSDPEKNU512GZ (488382 MB)_BTKA12750H76512A=125343
Micron_2400_MTFDKBA512QFM (488382 MB)_2320411DFFC2=171832
ST500DM002-1BD142 (476937 MB)_Z6EAWE1A=635

[HDW]
LITEON CV1-8B256 (244191 MB)_KN2560L012546016DCHC=1882
Acer    USB Flash Drive (60479 MB)_?=126
ADATA SU650 (244191 MB)_2N4429C91DGD=8903
HFM001TD3JX016N (976756 MB)_FJB4N673913704L5G=2312
NVMe    Micron_2400_MTFD (488382 MB)_0000_0000_0000_0001_=15794
INTEL SSDPEKNU512GZ (488382 MB)_BTKA12750H76512A=276
Micron_2400_MTFDKBA512QFM (488382 MB)_2320411DFFC2=53
ST500DM002-1BD142 (476937 MB)_Z6EAWE1A=442

[Sta_LITEON CV1-8B256 (244191 MB)_KN2560L012546016DCHC]
45987=0,-1.00,1,100,-1,33035296
MaxTempEverC=0
MaxTempEverCFound=45987.00000,26/11/2025 00:00:00
MinTempEverC=-1
MinTempEverCFound=45987.66921,26/11/2025 16:03:40
MaxTempByDriveC=0
Dates=45987

[CurrentDrives]
DriveList=#0: ST500DM002-1BD142 {HP74} / Z6EAWE1A (476937 MB)	#1: Acer    USB Flash Drive {3.00} / ? (60479 MB)

[Sta_ADATA SU650 (244191 MB)_2N4429C91DGD]
45988=31,30.00,1,100,29,3520800
MaxTempEverC=31
MaxTempEverCFound=45988.42428,27/11/2025 10:10:57 a. m.
MinTempEverC=29
MinTempEverCFound=45988.42039,27/11/2025 10:05:21 a. m.
MaxTempByDriveC=31
Dates=45988

[Sta_HFM001TD3JX016N (976756 MB)_FJB4N673913704L5G]
45989=50,42.75,1,100,41,34895386
MaxTempEverC=50
MaxTempEverCFound=45989.69565,28/11/2025 4:41:43 p. m.
MinTempEverC=41
MinTempEverCFound=45989.70260,28/11/2025 4:51:44 p. m.
MaxTempByDriveC=50
Dates=45989

[Sta_NVMe    Micron_2400_MTFD (488382 MB)_0000_0000_0000_0001_]
45990=58,55.00,1,-1,52,-1
MaxTempEverC=58
MaxTempEverCFound=45990.40036,29/11/2025 9:36:31 a. m.
MinTempEverC=52
MinTempEverCFound=45990.39669,29/11/2025 9:31:13 a. m.
MaxTempByDriveC=58
Dates=45990

[Sta_INTEL SSDPEKNU512GZ (488382 MB)_BTKA12750H76512A]
45993=34,31.50,2,97,28,18673503
MaxTempEverC=34
MaxTempEverCFound=45993.50340,2/12/2025 12:04:53
MinTempEverC=28
MinTempEverCFound=45993.49981,2/12/2025 11:59:43
MaxTempByDriveC=34
Dates=45993

[Sta_Micron_2400_MTFDKBA512QFM (488382 MB)_2320411DFFC2]
45993=42,42.00,1,96,0,7734194
MaxTempEverC=42
MaxTempEverCFound=45993.60795,2/12/2025 2:35:26 p. m.
MinTempEverC=42
MinTempEverCFound=45993.60795,2/12/2025 2:35:26 p. m.
MaxTempByDriveC=42
Dates=45993

[Sta_ST500DM002-1BD142 (476937 MB)_Z6EAWE1A]
45996=32,31.75,2,60,31,-1
MaxTempEverC=32
MaxTempEverCFound=45996.62981,5/12/2025 3:06:55 p. m.
MinTempEverC=31
MinTempEverCFound=45996.62620,5/12/2025 3:01:43 p. m.
MaxTempByDriveC=41
Dates=45996

